<?xml version="1.0" encoding="UTF-8"?>
<testng-results ignored="0" total="1" passed="1" failed="0" skipped="0">
  <reporter-output>
  </reporter-output>
  <suite started-at="2022-03-09T08:57:55 IST" name="Default suite" finished-at="2022-03-09T09:01:15 IST" duration-ms="200202">
    <groups>
    </groups>
    <test started-at="2022-03-09T08:57:55 IST" name="Default test" finished-at="2022-03-09T09:01:15 IST" duration-ms="200202">
      <class name="Mavexreport.Repextent.ExtentrepTest">
        <test-method is-config="true" signature="config()[pri:0, instance:Mavexreport.Repextent.ExtentrepTest@1ed6388a]" started-at="2022-03-09T08:57:55 IST" name="config" finished-at="2022-03-09T08:57:57 IST" duration-ms="1691" status="PASS">
          <reporter-output>
          </reporter-output>
        </test-method> <!-- config -->
        <test-method signature="initialDemo()[pri:0, instance:Mavexreport.Repextent.ExtentrepTest@1ed6388a]" started-at="2022-03-09T08:57:57 IST" name="initialDemo" finished-at="2022-03-09T09:01:15 IST" duration-ms="198393" status="PASS">
          <reporter-output>
          </reporter-output>
        </test-method> <!-- initialDemo -->
      </class> <!-- Mavexreport.Repextent.ExtentrepTest -->
    </test> <!-- Default test -->
  </suite> <!-- Default suite -->
</testng-results>
